Current time is: 15:27:43
ChronoTimer starting up, but idle.
15:27:45	POWER  
ChronoTimer switched on!
15:27:47	POWER  
ChronoTimer switched off!
15:27:49	POWER  
ChronoTimer switched on!
15:27:51	EVENT IND 
Event set to IND
15:27:53	NEWRUN  
New IND race created
15:27:55	TOG 1 
Channel 0 is now toggled on
15:27:57	TOG 2 
Channel 1 is now toggled on
15:27:59	NUM 234 
Racer 234 added
15:28:01	NUM 315 
Racer 315 added
15:28:03	TRIG 1 
Channel 0 tripped!
15:28:05	TRIG 3 
15:28:07	TRIG 2 
Channel 1 tripped!
15:28:09	TRIG 4 
15:28:11	PRINT  
Racer 234 3.916 seconds
15:28:13	ENDRUN  
currentRace was deleted.
15:28:15	NEWRUN  
New IND race created
15:28:17	EVENT IND 
Event set to IND
15:28:19	NUM 167 
Racer 167 added
15:28:21	NUM 166 
Racer 166 added
15:28:23	NUM 200 
Racer 200 added
15:28:25	NUM 201 
Racer 201 added
15:28:27	TRIG 1 
Channel 0 tripped!
15:28:29	TRIG 1 
Channel 0 tripped!
15:28:31	TRIG 2 
Channel 1 tripped!
15:28:33	TRIG 2 
Channel 1 tripped!
15:28:35	TRIG 4 
15:28:37	PRINT  
Racer 167 4.015 seconds
Racer 166 4.015 seconds
15:28:39	POWER  
ChronoTimer switched off!
15:28:41	POWER  
ChronoTimer switched on!
15:28:43	NEWRUN  
New IND race created
15:28:45	POWER  
ChronoTimer switched off!
15:28:47	EXIT  