Current time is: 15:38:44
ChronoTimer starting up, but idle.
15:38:46	POWER  
ChronoTimer switched on!
15:38:48	TIME 12:01:30.0 
Time is now: 12:01:30
12:01:31	TOG 1 
Channel 0 is now toggled on
12:01:33	TOG 2 
Channel 1 is now toggled on
12:01:35	TRIG 1 
[ERR] Noone to start! Add more racers or start finishing.
Channel 0 tripped!
12:01:37	TRIG 3 
12:01:39	TRIG 2 
[ERR] No racers are ready to finish!
Channel 1 tripped!
12:01:41	TRIG 4 
12:01:43	TRIG 1 
[ERR] Noone to start! Add more racers or start finishing.
Channel 0 tripped!
12:01:45	TRIG 1 
[ERR] Noone to start! Add more racers or start finishing.
Channel 0 tripped!
12:01:47	TRIG 2 
[ERR] No racers are ready to finish!
Channel 1 tripped!
12:01:49	TRIG 2 
[ERR] No racers are ready to finish!
Channel 1 tripped!
12:01:51	TRIG 4 
12:01:53	POWER  
ChronoTimer switched off!
12:01:55	EXIT  